\BOOKMARK [0][-]{chapter.1}{Introduction}{}% 1
\BOOKMARK [1][-]{section.1.1}{G\351n\351ralit\351s}{chapter.1}% 2
\BOOKMARK [2][-]{subsection.1.1.1}{Qu\220est-ce que MapMint?}{section.1.1}% 3
\BOOKMARK [2][-]{subsection.1.1.2}{Que permet MapMint?}{section.1.1}% 4
\BOOKMARK [2][-]{subsection.1.1.3}{Comment fonctionne MapMint?}{section.1.1}% 5
\BOOKMARK [1][-]{section.1.2}{Installer MapMint}{chapter.1}% 6
\BOOKMARK [2][-]{subsection.1.2.1}{Pr\351requis}{section.1.2}% 7
\BOOKMARK [2][-]{subsection.1.2.2}{Installation}{section.1.2}% 8
\BOOKMARK [1][-]{section.1.3}{Utiliser MapMint}{chapter.1}% 9
\BOOKMARK [2][-]{subsection.1.3.1}{Acc\350s aux modules d'administration}{section.1.3}% 10
\BOOKMARK [2][-]{subsection.1.3.2}{Formulaire d'identification}{section.1.3}% 11
\BOOKMARK [2][-]{subsection.1.3.3}{Acc\350s \340 l'interface publique}{section.1.3}% 12
\BOOKMARK [2][-]{subsection.1.3.4}{Premiers param\351trages}{section.1.3}% 13
\BOOKMARK [2][-]{subsection.1.3.5}{Ajouter des donn\351es}{section.1.3}% 14
\BOOKMARK [2][-]{subsection.1.3.6}{Acc\350s aux donn\351es et traitements depuis des clients bureautiques}{section.1.3}% 15
\BOOKMARK [0][-]{chapter.2}{Tableau de bord}{}% 16
\BOOKMARK [1][-]{section.2.1}{Section ``Vue d'ensemble''}{chapter.2}% 17
\BOOKMARK [2][-]{subsection.2.1.1}{Donn\351es disponibles}{section.2.1}% 18
\BOOKMARK [2][-]{subsection.2.1.2}{Nombres de cartes disponibles}{section.2.1}% 19
\BOOKMARK [2][-]{subsection.2.1.3}{Versions des logiciels install\351s}{section.2.1}% 20
\BOOKMARK [2][-]{subsection.2.1.4}{Gestion des symboles}{section.2.1}% 21
\BOOKMARK [2][-]{subsection.2.1.5}{Gestion des Syst\350mes de R\351f\351rences Spatiales \(SRS\)}{section.2.1}% 22
\BOOKMARK [1][-]{section.2.2}{Gestion des utilisateurs}{chapter.2}% 23
\BOOKMARK [2][-]{subsection.2.2.1}{Ajouter un utilisateur}{section.2.2}% 24
\BOOKMARK [2][-]{subsection.2.2.2}{Editer un utilisateur}{section.2.2}% 25
\BOOKMARK [2][-]{subsection.2.2.3}{Supprimer un utilisateur}{section.2.2}% 26
\BOOKMARK [2][-]{subsection.2.2.4}{Ajouter un groupe}{section.2.2}% 27
\BOOKMARK [2][-]{subsection.2.2.5}{Editer un groupe}{section.2.2}% 28
\BOOKMARK [2][-]{subsection.2.2.6}{Supprimer un groupe}{section.2.2}% 29
\BOOKMARK [1][-]{section.2.3}{Panneau de configuration}{chapter.2}% 30
\BOOKMARK [2][-]{subsection.2.3.1}{Configuration g\351n\351rale}{section.2.3}% 31
\BOOKMARK [2][-]{subsection.2.3.2}{Configuration de l'identification}{section.2.3}% 32
\BOOKMARK [2][-]{subsection.2.3.3}{Configuration du fournisseur des services}{section.2.3}% 33
\BOOKMARK [2][-]{subsection.2.3.4}{Configuration de la base de donn\351es}{section.2.3}% 34
\BOOKMARK [0][-]{chapter.3}{Module de gestion des territoires}{}% 35
\BOOKMARK [1][-]{section.3.1}{Panneau des territoires}{chapter.3}% 36
\BOOKMARK [2][-]{subsection.3.1.1}{Ajouter un nouveau territoire}{section.3.1}% 37
\BOOKMARK [2][-]{subsection.3.1.2}{Supprimer un territoire}{section.3.1}% 38
\BOOKMARK [1][-]{section.3.2}{Panneau d'information}{chapter.3}% 39
\BOOKMARK [2][-]{subsection.3.2.1}{Nom du territoire}{section.3.2}% 40
\BOOKMARK [2][-]{subsection.3.2.2}{Donn\351e g\351ographique}{section.3.2}% 41
\BOOKMARK [2][-]{subsection.3.2.3}{Territoire parent}{section.3.2}% 42
\BOOKMARK [2][-]{subsection.3.2.4}{Droits des groupes}{section.3.2}% 43
\BOOKMARK [0][-]{chapter.4}{Module de gestion des donn\351es}{}% 44
\BOOKMARK [1][-]{section.4.1}{Espaces de stockage}{chapter.4}% 45
\BOOKMARK [2][-]{subsection.4.1.1}{Ajouter un espace de stockage}{section.4.1}% 46
\BOOKMARK [2][-]{subsection.4.1.2}{Acc\351der \340 un espace de stockage}{section.4.1}% 47
\BOOKMARK [1][-]{section.4.2}{Sources de donn\351es}{chapter.4}% 48
\BOOKMARK [2][-]{subsection.4.2.1}{Donn\351es vectorielles}{section.4.2}% 49
\BOOKMARK [2][-]{subsection.4.2.2}{Donn\351es matricielles}{section.4.2}% 50
\BOOKMARK [2][-]{subsection.4.2.3}{Barre d'outils des sources de donn\351es}{section.4.2}% 51
\BOOKMARK [1][-]{section.4.3}{G\351otraitements}{chapter.4}% 52
\BOOKMARK [2][-]{subsection.4.3.1}{Convertisseur de sources de donn\351es vectorielles}{section.4.3}% 53
\BOOKMARK [2][-]{subsection.4.3.2}{Utilitaire de traitements des sources de donn\351es matricielles}{section.4.3}% 54
\BOOKMARK [0][-]{chapter.5}{Module de cr\351ation d'indicateurs}{}% 55
\BOOKMARK [1][-]{section.5.1}{Pr\351sentation}{chapter.5}% 56
\BOOKMARK [2][-]{subsection.5.1.1}{Qu'est ce qu'un indicateur ?}{section.5.1}% 57
\BOOKMARK [2][-]{subsection.5.1.2}{Fonctionnement g\351n\351ral du module}{section.5.1}% 58
\BOOKMARK [2][-]{subsection.5.1.3}{Pr\351requis techniques}{section.5.1}% 59
\BOOKMARK [1][-]{section.5.2}{Panneau des indicateurs}{chapter.5}% 60
\BOOKMARK [2][-]{subsection.5.2.1}{Ajouter un indicateur}{section.5.2}% 61
\BOOKMARK [2][-]{subsection.5.2.2}{Supprimer un indicateur}{section.5.2}% 62
\BOOKMARK [1][-]{section.5.3}{Configuration d'un indicateur}{chapter.5}% 63
\BOOKMARK [2][-]{subsection.5.3.1}{Initialisation de l'indicateur}{section.5.3}% 64
\BOOKMARK [2][-]{subsection.5.3.2}{Style}{section.5.3}% 65
\BOOKMARK [2][-]{subsection.5.3.3}{Table}{section.5.3}% 66
\BOOKMARK [2][-]{subsection.5.3.4}{Graphique}{section.5.3}% 67
\BOOKMARK [2][-]{subsection.5.3.5}{Rapport}{section.5.3}% 68
\BOOKMARK [2][-]{subsection.5.3.6}{Publier un indicateur}{section.5.3}% 69
\BOOKMARK [2][-]{subsection.5.3.7}{D\351publier un indicateur}{section.5.3}% 70
\BOOKMARK [0][-]{chapter.6}{Module de cr\351ation de cartes}{}% 71
\BOOKMARK [1][-]{section.6.1}{Menu couches de donn\351es}{chapter.6}% 72
\BOOKMARK [2][-]{subsection.6.1.1}{Fonds de carte}{section.6.1}% 73
\BOOKMARK [2][-]{subsection.6.1.2}{Ouvrir une carte}{section.6.1}% 74
\BOOKMARK [2][-]{subsection.6.1.3}{Enregistrer une carte}{section.6.1}% 75
\BOOKMARK [2][-]{subsection.6.1.4}{Menu couches}{section.6.1}% 76
\BOOKMARK [2][-]{subsection.6.1.5}{Menu contextuel d'une couche}{section.6.1}% 77
\BOOKMARK [0][-]{chapter.7}{Module de cr\351ation de th\350mes}{}% 78
\BOOKMARK [1][-]{section.7.1}{Panneau des th\350mes}{chapter.7}% 79
\BOOKMARK [2][-]{subsection.7.1.1}{Ajouter un nouveau th\350me}{section.7.1}% 80
\BOOKMARK [2][-]{subsection.7.1.2}{Supprimer un th\350me}{section.7.1}% 81
\BOOKMARK [1][-]{section.7.2}{Panneau d'information}{chapter.7}% 82
\BOOKMARK [2][-]{subsection.7.2.1}{Nom du th\350me}{section.7.2}% 83
\BOOKMARK [2][-]{subsection.7.2.2}{Droits des groupes}{section.7.2}% 84
\BOOKMARK [0][-]{chapter.8}{Module de cr\351ation de documents}{}% 85
\BOOKMARK [1][-]{section.8.1}{Panneau des documents}{chapter.8}% 86
\BOOKMARK [2][-]{subsection.8.1.1}{Ajouter un nouveau document}{section.8.1}% 87
\BOOKMARK [2][-]{subsection.8.1.2}{Supprimer un document}{section.8.1}% 88
\BOOKMARK [1][-]{section.8.2}{Panneau d'information}{chapter.8}% 89
\BOOKMARK [2][-]{subsection.8.2.1}{Nom du document}{section.8.2}% 90
\BOOKMARK [2][-]{subsection.8.2.2}{Th\350me du document}{section.8.2}% 91
\BOOKMARK [2][-]{subsection.8.2.3}{Fichier ou URL}{section.8.2}% 92
\BOOKMARK [2][-]{subsection.8.2.4}{Description du document}{section.8.2}% 93
\BOOKMARK [2][-]{subsection.8.2.5}{Droits des groupes}{section.8.2}% 94
\BOOKMARK [0][-]{chapter.9}{Module de publication d'applications}{}% 95
\BOOKMARK [1][-]{section.9.1}{Panneau de configuration d'applications}{chapter.9}% 96
\BOOKMARK [2][-]{subsection.9.1.1}{Configuration g\351n\351rale de l'application}{section.9.1}% 97
\BOOKMARK [2][-]{subsection.9.1.2}{Configuration des couches de l'application}{section.9.1}% 98
\BOOKMARK [2][-]{subsection.9.1.3}{Param\351trage de la carte}{section.9.1}% 99
\BOOKMARK [2][-]{subsection.9.1.4}{Configuration des fonctionnalit\351s de l'application}{section.9.1}% 100
\BOOKMARK [2][-]{subsection.9.1.5}{Publication de l'application}{section.9.1}% 101
\BOOKMARK [2][-]{subsection.9.1.6}{Publication de la vignette}{section.9.1}% 102
\BOOKMARK [2][-]{subsection.9.1.7}{Pr\351visualisation de l'application}{section.9.1}% 103
\BOOKMARK [2][-]{subsection.9.1.8}{Supprimer l'application}{section.9.1}% 104
